Arguments: 
  /usr/local/bin/node /usr/local/bin/yarn add lin-ui

PATH: 
  /Library/Frameworks/Python.framework/Versions/2.7/bin:/usr/local/bin:/usr/bin:/bin:/usr/sbin:/sbin:/opt/X11/bin:/Library/Apple/usr/bin

Yarn version: 
  1.22.4

Node version: 
  16.14.2

Platform: 
  darwin x64

Trace: 
  Error: https://registry.yarnpkg.com/lin-ui: ETIMEDOUT
      at Timeout._onTimeout (/usr/local/lib/node_modules/yarn/lib/cli.js:141408:19)
      at listOnTimeout (node:internal/timers:559:17)
      at processTimers (node:internal/timers:502:7)

npm manifest: 
  {
    "name": "miniprogram-ts-less-quickstart",
    "version": "1.0.0",
    "description": "",
    "scripts": {
    },
    "keywords": [],
    "author": "",
    "license": "",
    "dependencies": {
    },
    "devDependencies": {
      "miniprogram-api-typings": "^3.12.2"
    }
  }

yarn manifest: 
  No manifest

Lockfile: 
  # THIS IS AN AUTOGENERATED FILE. DO NOT EDIT THIS FILE DIRECTLY.
  # yarn lockfile v1
  
  
  miniprogram-api-typings@^3.12.2:
    version "3.12.2"
    resolved "https://registry.npmjs.org/miniprogram-api-typings/-/miniprogram-api-typings-3.12.2.tgz#88f9a43e5a7ab9162d848feee0e876f9bae52585"
    integrity sha512-OJB2uVAfhycX4teG/zEVpoThushQqLOx946XACDpVc6OQydiJWjn7djVzvNCbv0VOA7sbHGPQp/RkXD9vMCDEw==
